-------------------------------------------------------------------------------
Test set: secondCCRX.secondCCRX.Basic_FunctionTest
-------------------------------------------------------------------------------
Tests run: 1, Failures: 0, Errors: 1, Skipped: 0, Time elapsed: 0.89 sec <<< FAILURE!
initializationError(secondCCRX.secondCCRX.Basic_FunctionTest)  Time elapsed: 0.007 sec  <<< ERROR!
cucumber.runtime.CucumberException: Error parsing feature file src/test/BDD/POP3/Basic_Function/Basic_Function.feature
	at cucumber.runtime.FeatureBuilder.parse(FeatureBuilder.java:133)
	at cucumber.runtime.model.CucumberFeature.load(CucumberFeature.java:52)
	at cucumber.runtime.model.CucumberFeature.load(CucumberFeature.java:33)
	at cucumber.runtime.RuntimeOptions.cucumberFeatures(RuntimeOptions.java:158)
	at cucumber.api.junit.Cucumber.<init>(Cucumber.java:63)
	at sun.reflect.NativeConstructorAccessorImpl.newInstance0(Native Method)
	at sun.reflect.NativeConstructorAccessorImpl.newInstance(NativeConstructorAccessorImpl.java:62)
	at sun.reflect.DelegatingConstructorAccessorImpl.newInstance(DelegatingConstructorAccessorImpl.java:45)
	at java.lang.reflect.Constructor.newInstance(Constructor.java:422)
	at org.junit.internal.builders.AnnotatedBuilder.buildRunner(AnnotatedBuilder.java:29)
	at org.junit.internal.builders.AnnotatedBuilder.runnerForClass(AnnotatedBuilder.java:21)
	at org.junit.runners.model.RunnerBuilder.safeRunnerForClass(RunnerBuilder.java:59)
	at org.junit.internal.builders.AllDefaultPossibilitiesBuilder.runnerForClass(AllDefaultPossibilitiesBuilder.java:26)
	at org.junit.runners.model.RunnerBuilder.safeRunnerForClass(RunnerBuilder.java:59)
	at org.junit.internal.requests.ClassRequest.getRunner(ClassRequest.java:26)
	at org.apache.maven.surefire.junit4.JUnit4Provider.execute(JUnit4Provider.java:250)
	at org.apache.maven.surefire.junit4.JUnit4Provider.executeTestSet(JUnit4Provider.java:141)
	at org.apache.maven.surefire.junit4.JUnit4Provider.invoke(JUnit4Provider.java:112)
	at sun.reflect.NativeMethodAccessorImpl.invoke0(Native Method)
	at sun.reflect.NativeMethodAccessorImpl.invoke(NativeMethodAccessorImpl.java:62)
	at sun.reflect.DelegatingMethodAccessorImpl.invoke(DelegatingMethodAccessorImpl.java:43)
	at java.lang.reflect.Method.invoke(Method.java:497)
	at org.apache.maven.surefire.util.ReflectionUtils.invokeMethodWithArray(ReflectionUtils.java:189)
	at org.apache.maven.surefire.booter.ProviderFactory$ProviderProxy.invoke(ProviderFactory.java:165)
	at org.apache.maven.surefire.booter.ProviderFactory.invokeProvider(ProviderFactory.java:85)
	at org.apache.maven.surefire.booter.ForkedBooter.runSuitesInProcess(ForkedBooter.java:115)
	at org.apache.maven.surefire.booter.ForkedBooter.main(ForkedBooter.java:75)
Caused by: gherkin.lexer.LexingError: Lexing error on line 24: 'how to wait until this TC will be done then run the rest as the other may offect this test case  or here i should add other TC like SMTP
 
 Given Send an email to gmail account with 'NW012007' subject
 When test id NW012007
                                            
 Given Send an email to gmail account with 'NW012010' subject 
 When test id NW012010
  how to read how many mins user added to the sleep mood 
 Then Confrim the message with OK OFF OFF
  
 #Given Send an email to gmail account with 'NW012011' subject 
 #When test id NW012011
 # how to read how many mins user added to the sleep mood 
 #Then Confrim the message with OK OFF OFF
    
 #Given Send an email to gmail account with 'NW012014' subject
 #When test id NW012014
 # how to read how many mins user added to the sleep mood 
 #Then Confrim the message with OK OFF OFF
  

 #Given Send an email to gmail account with 'NW012015a' subject
 When test id NW012015
 # how to read how many mins user added to the sleep mood 
 Then Confrim the message with OK OFF OFF
%_FEATURE_END_%'. See http://wiki.github.com/cucumber/gherkin/lexingerror for more information.
	at gherkin.lexer.En.scan(En.java:872)
	at gherkin.lexer.I18nLexer.scan(I18nLexer.java:36)
	at gherkin.parser.Parser.parse(Parser.java:62)
	at cucumber.runtime.FeatureBuilder.parse(FeatureBuilder.java:131)
	... 26 more

